<?xml version="1.0" encoding="UTF-8"?>
<!-- Generated by org.testng.reporters.JUnitReportReporter -->
<testsuite hostname="DESKTOP-RKANJTO" failures="0" tests="5" name="Cucumber.TestNgTestRunner" time="19.232" errors="0" timestamp="2025-02-15T14:38:59 IST" skipped="0">
  <testcase classname="Cucumber.TestNgTestRunner" name="runScenario" time="3.430"/>
  <system-out/>
  <testcase classname="Cucumber.TestNgTestRunner" name="runScenario" time="1.008"/>
  <system-out/>
  <testcase classname="Cucumber.TestNgTestRunner" name="runScenario" time="1.059"/>
  <system-out/>
  <testcase classname="Cucumber.TestNgTestRunner" name="runScenario" time="0.876"/>
  <system-out/>
  <testcase classname="Cucumber.TestNgTestRunner" name="runScenario" time="12.859"/>
  <system-out/>
</testsuite> <!-- Cucumber.TestNgTestRunner -->
