<?xml version="1.0" encoding="UTF-8"?>
<!-- Generated by org.testng.reporters.JUnitReportReporter -->
<testsuite hostname="DESKTOP-RKANJTO" failures="0" tests="5" name="cucumber.TestNgTestRunner" time="24.352" errors="0" timestamp="2025-02-15T15:50:05 IST" skipped="0">
  <testcase classname="cucumber.TestNgTestRunner" name="runScenario" time="2.209"/>
  <system-out/>
  <testcase classname="cucumber.TestNgTestRunner" name="runScenario" time="15.880"/>
  <system-out/>
  <testcase classname="cucumber.TestNgTestRunner" name="runScenario" time="1.113"/>
  <system-out/>
  <testcase classname="cucumber.TestNgTestRunner" name="runScenario" time="4.222"/>
  <system-out/>
  <testcase classname="cucumber.TestNgTestRunner" name="runScenario" time="0.928"/>
  <system-out/>
</testsuite> <!-- cucumber.TestNgTestRunner -->
