<?xml version="1.0" encoding="UTF-8"?>
<!-- Generated by org.testng.reporters.JUnitReportReporter -->
<testsuite hostname="DESKTOP-RKANJTO" failures="0" tests="1" name="Neil.BritInsuranceTestCase" time="14.148" errors="0" timestamp="2025-02-15T10:14:26 IST" skipped="0">
  <testcase classname="Neil.BritInsuranceTestCase" name="britInsurance" time="14.148"/>
  <system-out/>
</testsuite> <!-- Neil.BritInsuranceTestCase -->
