<?xml version="1.0" encoding="UTF-8"?>
<!-- Generated by org.testng.reporters.JUnitReportReporter -->
<testsuite hostname="DESKTOP-RKANJTO" failures="0" tests="5" name="cucumber.TestNgTestRunner" time="26.664" errors="0" timestamp="2025-02-15T15:59:13 IST" skipped="0">
  <testcase classname="cucumber.TestNgTestRunner" name="runScenario" time="5.900"/>
  <system-out/>
  <testcase classname="cucumber.TestNgTestRunner" name="runScenario" time="4.229"/>
  <system-out/>
  <testcase classname="cucumber.TestNgTestRunner" name="runScenario" time="2.742"/>
  <system-out/>
  <testcase classname="cucumber.TestNgTestRunner" name="runScenario" time="1.243"/>
  <system-out/>
  <testcase classname="cucumber.TestNgTestRunner" name="runScenario" time="12.550"/>
  <system-out/>
</testsuite> <!-- cucumber.TestNgTestRunner -->
